#
# A fatal error has been detected by the Java Runtime Environment:
#
#  EXCEPTION_ACCESS_VIOLATION (0xc0000005) at pc=0x00007ffa51916587, pid=33148, tid=11752
#
# JRE version: Java(TM) SE Runtime Environment (21.0.6+8) (build 21.0.6+8-LTS-188)
# Java VM: Java HotSpot(TM) 64-Bit Server VM (21.0.6+8-LTS-188, mixed mode, sharing, tiered, compressed oops, compressed class ptrs, g1 gc, windows-amd64)
# Problematic frame:
# C  [glass.dll+0x26587]
#
# No core dump will be written. Minidumps are not enabled by default on client versions of Windows
#
# If you would like to submit a bug report, please visit:
#   https://bugreport.java.com/bugreport/crash.jsp
#

---------------  S U M M A R Y ------------

Command Line: --module-path=C:\Users\NITRO 5\Downloads\GestionAbonnements\GestionAbonnements\target\classes;C:\Users\NITRO 5\.m2\repository\com\microsoft\sqlserver\mssql-jdbc\12.6.0.jre11\mssql-jdbc-12.6.0.jre11.jar;C:\Users\NITRO 5\.m2\repository\com\zaxxer\HikariCP\5.1.0\HikariCP-5.1.0.jar;C:\Users\NITRO 5\.m2\repository\org\openjfx\javafx-base\21\javafx-base-21-win.jar;C:\Users\NITRO 5\.m2\repository\org\openjfx\javafx-controls\21\javafx-controls-21-win.jar;C:\Users\NITRO 5\.m2\repository\org\openjfx\javafx-fxml\21\javafx-fxml-21-win.jar;C:\Users\NITRO 5\.m2\repository\org\openjfx\javafx-graphics\21\javafx-graphics-21-win.jar;C:\Users\NITRO 5\.m2\repository\org\slf4j\slf4j-api\1.7.36\slf4j-api-1.7.36.jar --add-modules=com.emsi.subtracker -Djdk.module.main=com.emsi.subtracker com.emsi.subtracker/com.emsi.subtracker.Main

Host: Intel(R) Core(TM) i5-10300H CPU @ 2.50GHz, 8 cores, 15G,  Windows 11 , 64 bit Build 26100 (10.0.26100.7309)
Time: Sun Dec 14 16:44:17 2025 Maroc (heure d64 bit Build 26100 (10.0.26100.7309) elapsed time: 56.066240 seconds (0d 0h 0m 56s)

---------------  T H R E A D  ---------------

Current thread (0x000001e0e304e670):  VMThread "VM Thread"          [id=11752, stack(0x000000da97900000,0x000000da97a00000) (1024K)]

Stack: [0x000000da97900000,0x000000da97a00000],  sp=0x000000da979ff200,  free space=1020k
Native frames: (J=compiled Java code, j=interpreted, Vv=VM code, C=native code)
C  [glass.dll+0x26587]


siginfo: EXCEPTION_ACCESS_VIOLATION (0xc0000005), reading address 0x0000000000000000


Registers:
RAX=0x0000000000000000, RBX=0x000001e0e306152a, RCX=0x000001e0e304e670, RDX=0x000000da979ff200
RSP=0x000000da979ff200, RBP=0x000086b0734c7b4d, RSI=0x000001e0e3be6668, RDI=0x000001e0e3be6640
R8 =0x0000000000010002, R9 =0x000086b0734c7b4d, R10=0x000001e0c1d10000, R11=0x000001e0f0b414e0
R12=0x0000000000000001, R13=0x00007ffa51913ed0, R14=0x000000da979ff308, R15=0x000001e0e3be6640
RIP=0x00007ffa51916587, EFLAGS=0x0000000000010202


Register to memory mapping:

RAX=0x0 is null
RBX=0x000001e0e306152a is a global jni handle
RCX=0x000001e0e304e670 points into unknown readable memory: 0x00007ff9bcac6680 | 80 66 ac bc f9 7f 00 00
RDX=0x000000da979ff200 points into unknown readable memory: 0x0000000000000000 | 00 00 00 00 00 00 00 00
RSP=0x000000da979ff200 points into unknown readable memory: 0x0000000000000000 | 00 00 00 00 00 00 00 00
RBP=0x000086b0734c7b4d is an unknown value
RSI=0x000001e0e3be6668 points into unknown readable memory: 0x000086b0734c7b4d | 4d 7b 4c 73 b0 86 00 00
RDI=0x000001e0e3be6640 points into unknown readable memory: 0x0fffcc8254717b4d | 4d 7b 71 54 82 cc ff 0f
R8 =0x0000000000010002 is an unknown value
R9 =0x000086b0734c7b4d is an unknown value
R10=0x000001e0c1d10000 points into unknown readable memory: 0x0000000000000000 | 00 00 00 00 00 00 00 00
R11=0x000001e0f0b414e0 points into unknown readable memory: 0x0000000000000000 | 00 00 00 00 00 00 00 00
R12=0x0000000000000001 is an unknown value
R13=0x00007ffa51913ed0 glass.dll
R14=0x000000da979ff308 points into unknown readable memory: 0x000000da979ff2f0 | f0 f2 9f 97 da 00 00 00
R15=0x000001e0e3be6640 points into unknown readable memory: 0x0fffcc8254717b4d | 4d 7b 71 54 82 cc ff 0f

Top of Stack: (sp=0x000000da979ff200)
0x000000da979ff200:   0000000000000000 000001e000000000
0x000000da979ff210:   000001e0e3be9a60 0000000000000001
0x000000da979ff220:   000001e0e3be6648 00007ffaad11bc75
0x000000da979ff230:   000001e0e3be6640 000001e000000000
0x000000da979ff240:   000001e0e3be6660 000086b0734c7b4d
0x000000da979ff250:   fffffffffffffffe 00007ffaad8a027b
0x000000da979ff260:   00007ffa518f0000 00007ffa518f0000
0x000000da979ff270:   000000da979ff2f8 00007ffaad11b897
0x000000da979ff280:   000000da979ff300 000000da979ff308
0x000000da979ff290:   000000da979ff5f0 00007ffaad2088c0
0x000000da979ff2a0:   0000000000000001 00007ffaad11b84d
0x000000da979ff2b0:   0000000000000000 0000000000000001
0x000000da979ff2c0:   0000000000000000 000000da979ff2f8
0x000000da979ff2d0:   fffffffffffffffe 000000da979ff200
0x000000da979ff2e0:   0000000000000000 00007ffa51913d5d
0x000000da979ff2f0:   00007ffa5192a008 00007ffa00000002
0x000000da979ff300:   0000000000000002 000000da979ff2f0
0x000000da979ff310:   00007ffaac5f0000 0000000000000000
0x000000da979ff320:   0000000000000000 00007ffa51913e82
0x000000da979ff330:   0000000000000001 000001e0e3bd4620
0x000000da979ff340:   0000000000000000 00007ffaafe0a6af
0x000000da979ff350:   000001e0e3bd4880 00007ffaafe0bf5e
0x000000da979ff360:   0000000000000001 0000000000000000
0x000000da979ff370:   0000000000000000 000000007ffe0384
0x000000da979ff380:   000001e0e3bd3c20 00007ffaaff5f86e
0x000000da979ff390:   00007ffa518f0000 000001e000000000
0x000000da979ff3a0:   0000000000000001 000000007ffe0385
0x000000da979ff3b0:   00007ffa519175a0 00007ffaafe0bcae
0x000000da979ff3c0:   0000000000000000 0000000000000000
0x000000da979ff3d0:   0000000000000000 0000000000000000
0x000000da979ff3e0:   0000000000000000 0000000000000000
0x000000da979ff3f0:   0000000000000000 0000000000000000 

Instructions: (pc=0x00007ffa51916587)
0x00007ffa51916487:   8b 4d 58 e8 8d cf ff ff 48 8b 4d 60 e8 84 cf ff
0x00007ffa51916497:   ff 48 8b 95 80 00 00 00 48 8b 8d 18 01 00 00 e8
0x00007ffa519164a7:   76 c4 ff ff 33 d2 33 c9 e8 cc e1 ff ff 90 48 89
0x00007ffa519164b7:   54 24 10 55 48 83 ec 20 48 8b ea 48 b8 00 00 00
0x00007ffa519164c7:   00 00 00 00 00 48 83 c4 20 5d c3 cc 40 55 48 8b
0x00007ffa519164d7:   ea 48 8b 01 33 c9 81 38 05 00 00 c0 0f 94 c1 8b
0x00007ffa519164e7:   c1 5d c3 cc 40 55 48 83 ec 20 48 8b ea 8a 4d 40
0x00007ffa519164f7:   48 83 c4 20 5d e9 73 d3 ff ff cc 40 55 48 83 ec
0x00007ffa51916507:   20 48 8b ea 8a 4d 20 e8 61 d3 ff ff 90 48 83 c4
0x00007ffa51916517:   20 5d c3 cc 40 55 48 83 ec 20 48 8b ea 48 83 c4
0x00007ffa51916527:   20 5d e9 c2 d1 ff ff cc 40 55 48 83 ec 30 48 8b
0x00007ffa51916537:   ea 48 8b 01 8b 10 48 89 4c 24 28 89 54 24 20 4c
0x00007ffa51916547:   8d 0d 63 d6 ff ff 4c 8b 45 70 8b 55 68 48 8b 4d
0x00007ffa51916557:   60 e8 03 d1 ff ff 90 48 83 c4 30 5d c3 cc cc cc
0x00007ffa51916567:   cc cc cc cc cc cc cc cc cc 40 53 48 83 ec 20 48
0x00007ffa51916577:   8b 1d 8b 34 01 00 48 85 db 74 16 e8 89 8f ff ff
0x00007ffa51916587:   4c 8b 00 48 8b d3 48 8b c8 41 ff 90 b0 00 00 00
0x00007ffa51916597:   90 48 83 c4 20 5b c3 cc cc 40 53 48 83 ec 20 48
0x00007ffa519165a7:   8b 1d fb 35 01 00 48 85 db 74 57 b8 ff ff ff ff
0x00007ffa519165b7:   f0 0f c1 43 10 83 f8 01 75 3d 48 85 db 74 38 48
0x00007ffa519165c7:   8b 0b 48 85 c9 74 0d ff 15 d4 0c 00 00 48 c7 03
0x00007ffa519165d7:   00 00 00 00 48 8b 4b 08 48 85 c9 74 0d e8 33 ce
0x00007ffa519165e7:   ff ff 48 c7 43 08 00 00 00 00 ba 18 00 00 00 48
0x00007ffa519165f7:   8b cb e8 1e ce ff ff 48 c7 05 9f 35 01 00 00 00
0x00007ffa51916607:   00 00 48 83 c4 20 5b c3 cc 40 53 48 83 ec 20 48
0x00007ffa51916617:   8b 1d 6b 35 01 00 48 85 db 74 57 b8 ff ff ff ff
0x00007ffa51916627:   f0 0f c1 43 10 83 f8 01 75 3d 48 85 db 74 38 48
0x00007ffa51916637:   8b 0b 48 85 c9 74 0d ff 15 64 0c 00 00 48 c7 03
0x00007ffa51916647:   00 00 00 00 48 8b 4b 08 48 85 c9 74 0d e8 c3 cd
0x00007ffa51916657:   ff ff 48 c7 43 08 00 00 00 00 ba 18 00 00 00 48
0x00007ffa51916667:   8b cb e8 ae cd ff ff 48 c7 05 0f 35 01 00 00 00
0x00007ffa51916677:   00 00 48 83 c4 20 5b c3 cc 40 53 48 83 ec 20 48 


Stack slot to memory mapping:

stack at sp + 0 slots: 0x0 is null
stack at sp + 1 slots: 0x000001e000000000 is an unknown value
stack at sp + 2 slots: 0x000001e0e3be9a60 points into unknown readable memory: 0x000001e0e3be9ac0 | c0 9a be e3 e0 01 00 00
stack at sp + 3 slots: 0x0000000000000001 is an unknown value
stack at sp + 4 slots: 0x000001e0e3be6648 points into unknown readable memory: 0x000086b0734c7b4d | 4d 7b 4c 73 b0 86 00 00
stack at sp + 5 slots: 0x00007ffaad11bc75 ucrtbase.dll
stack at sp + 6 slots: 0x000001e0e3be6640 points into unknown readable memory: 0x0fffcc8254717b4d | 4d 7b 71 54 82 cc ff 0f
stack at sp + 7 slots: 0x000001e000000000 is an unknown value

VM_Operation (0x000000da984fa2d0): Exit, mode: safepoint, requested by thread 0x000001e0e3c01f10


---------------  P R O C E S S  ---------------

Threads class SMR info:
_java_thread_list=0x000001e0f0a9d8b0, length=20, elements={
0x000001e0c1c23980, 0x000001e0e306fb40, 0x000001e0e3070740, 0x000001e0e3074390,
0x000001e0e3075270, 0x000001e0e3076e80, 0x000001e0e3077c00, 0x000001e0e3084eb0,
0x000001e0e3089730, 0x000001e0e37e05c0, 0x000001e0e3de6ea0, 0x000001e0e363b2e0,
0x000001e0e3c01f10, 0x000001e0e8b58ee0, 0x000001e0e8bef0e0, 0x000001e0e8d02a10,
0x000001e0f103adb0, 0x000001e0f152d0b0, 0x000001e0f1015570, 0x000001e0f1015c00
}

Java Threads: ( => current thread )
  0x000001e0c1c23980 JavaThread "main"                              [_thread_blocked, id=5144, stack(0x000000da97200000,0x000000da97300000) (1024K)]
  0x000001e0e306fb40 JavaThread "Reference Handler"          daemon [_thread_blocked, id=28496, stack(0x000000da97a00000,0x000000da97b00000) (1024K)]
  0x000001e0e3070740 JavaThread "Finalizer"                  daemon [_thread_blocked, id=31288, stack(0x000000da97b00000,0x000000da97c00000) (1024K)]
  0x000001e0e3074390 JavaThread "Attach Listener"            daemon [_thread_blocked, id=32152, stack(0x000000da97d00000,0x000000da97e00000) (1024K)]
  0x000001e0e3075270 JavaThread "Service Thread"             daemon [_thread_blocked, id=30452, stack(0x000000da97e00000,0x000000da97f00000) (1024K)]
  0x000001e0e3076e80 JavaThread "Monitor Deflation Thread"   daemon [_thread_blocked, id=32444, stack(0x000000da97f00000,0x000000da98000000) (1024K)]
  0x000001e0e3077c00 JavaThread "C2 CompilerThread0"         daemon [_thread_blocked, id=29636, stack(0x000000da98000000,0x000000da98100000) (1024K)]
  0x000001e0e3084eb0 JavaThread "C1 CompilerThread0"         daemon [_thread_blocked, id=18100, stack(0x000000da98100000,0x000000da98200000) (1024K)]
  0x000001e0e3089730 JavaThread "Common-Cleaner"             daemon [_thread_blocked, id=12392, stack(0x000000da98200000,0x000000da98300000) (1024K)]
  0x000001e0e37e05c0 JavaThread "Notification Thread"        daemon [_thread_blocked, id=27064, stack(0x000000da98500000,0x000000da98600000) (1024K)]
  0x000001e0e3de6ea0 JavaThread "QuantumRenderer-0"          daemon [_thread_blocked, id=23152, stack(0x000000da98600000,0x000000da98700000) (1024K)]
  0x000001e0e363b2e0 JavaThread "InvokeLaterDispatcher"      daemon [_thread_blocked, id=30600, stack(0x000000da98300000,0x000000da98400000) (1024K)]
  0x000001e0e3c01f10 JavaThread "JavaFX Application Thread"         [_thread_blocked, id=35420, stack(0x000000da98400000,0x000000da98500000) (1024K)]
  0x000001e0e8b58ee0 JavaThread "JavaFX-Launcher"                   [_thread_blocked, id=2440, stack(0x000000da99040000,0x000000da99140000) (1024K)]
  0x000001e0e8bef0e0 JavaThread "Thread-2"                   daemon [_thread_in_native, id=11576, stack(0x000000da98f40000,0x000000da99040000) (1024K)]
  0x000001e0e8d02a10 JavaThread "Prism Font Disposer"        daemon [_thread_blocked, id=31244, stack(0x000000da99140000,0x000000da99240000) (1024K)]
  0x000001e0f103adb0 JavaThread "Thread-3"                   daemon [_thread_blocked, id=23468, stack(0x000000da99940000,0x000000da99a40000) (1024K)]
  0x000001e0f152d0b0 JavaThread "Cleaner-0"                  daemon [_thread_blocked, id=1272, stack(0x000000da99d40000,0x000000da99e40000) (1024K)]
  0x000001e0f1015570 JavaThread "mssql-jdbc-shared-timer-core-0" daemon [_thread_blocked, id=18084, stack(0x000000da9a150000,0x000000da9a250000) (1024K)]
  0x000001e0f1015c00 JavaThread "SubTrackerPool housekeeper" daemon [_thread_blocked, id=18092, stack(0x000000da9a250000,0x000000da9a350000) (1024K)]
Total: 20

Other Threads:
=>0x000001e0e304e670 VMThread "VM Thread"                           [id=11752, stack(0x000000da97900000,0x000000da97a00000) (1024K)]
  0x000001e0c3fa0c60 WorkerThread "GC Thread#0"                     [id=18384, stack(0x000000da97300000,0x000000da97400000) (1024K)]
  0x000001e0e8af4160 WorkerThread "GC Thread#1"                     [id=28928, stack(0x000000da98a40000,0x000000da98b40000) (1024K)]
  0x000001e0e8af4500 WorkerThread "GC Thread#2"                     [id=6244, stack(0x000000da98b40000,0x000000da98c40000) (1024K)]
  0x000001e0e8af48a0 WorkerThread "GC Thread#3"                     [id=19212, stack(0x000000da98c40000,0x000000da98d40000) (1024K)]
  0x000001e0e8af4c40 WorkerThread "GC Thread#4"                     [id=7516, stack(0x000000da98d40000,0x000000da98e40000) (1024K)]
  0x000001e0e8affb30 WorkerThread "GC Thread#5"                     [id=32916, stack(0x000000da98e40000,0x000000da98f40000) (1024K)]
  0x000001e0e8c1db40 WorkerThread "GC Thread#6"                     [id=33036, stack(0x000000da99740000,0x000000da99840000) (1024K)]
  0x000001e0e8c1dee0 WorkerThread "GC Thread#7"                     [id=30436, stack(0x000000da99840000,0x000000da99940000) (1024K)]
  0x000001e0c3fb2810 ConcurrentGCThread "G1 Main Marker"            terminated
  0x000001e0c3fb3ac0 WorkerThread "G1 Conc#0"                       [id=34176, stack(0x000000da97500000,0x000000da97600000) (1024K)]
  0x000001e0f1576ea0 WorkerThread "G1 Conc#1"                       [id=31896, stack(0x000000da99f50000,0x000000da9a050000) (1024K)]
  0x000001e0e2f00970 ConcurrentGCThread "G1 Refine#0"               terminated
  0x000001e0e2f0a460 ConcurrentGCThread "G1 Service"                terminated
Total: 14

Threads with active compile tasks:
Total: 0

VM state: at safepoint (shutting down)

VM Mutex/Monitor currently owned by a thread:  ([mutex/lock_event])
[0x00007ff9bcc8de98] Threads_lock - owner thread: 0x000001e0e304e670
[0x00007ff9bcc8df98] Heap_lock - owner thread: 0x000001e0e3c01f10

Heap address: 0x0000000702a00000, size: 4054 MB, Compressed Oops mode: Zero based, Oop shift amount: 3

CDS archive(s) mapped at: [0x000001e080000000-0x000001e080c90000-0x000001e080c90000), size 13172736, SharedBaseAddress: 0x000001e080000000, ArchiveRelocationMode: 1.
Compressed class space mapped at: 0x000001e081000000-0x000001e0c1000000, reserved size: 1073741824
Narrow klass base: 0x000001e080000000, Narrow klass shift: 0, Narrow klass range: 0x100000000

GC Precious Log:
 CardTable entry size: 512
 Card Set container configuration: InlinePtr #cards 4 size 8 Array Of Cards #cards 16 size 48 Howl #buckets 8 coarsen threshold 3686 Howl Bitmap #cards 512 size 80 coarsen threshold 460 Card regions per heap region 1 cards per card region 4096
 CPUs: 8 total, 8 available
 Memory: 16215M
 Large Page Support: Disabled
 NUMA Support: Disabled
 Compressed Oops: Enabled (Zero based)
 Heap Region Size: 2M
 Heap Min Capacity: 8M
 Heap Initial Capacity: 254M
 Heap Max Capacity: 4054M
 Pre-touch: Disabled
 Parallel Workers: 8
 Concurrent Workers: 2
 Concurrent Refinement Workers: 8
 Periodic GC: Disabled

Heap:
 garbage-first heap   total 86016K, used 52493K [0x0000000702a00000, 0x0000000800000000)
  region size 2048K, 14 young (28672K), 4 survivors (8192K)
 Metaspace       used 30199K, committed 30656K, reserved 1114112K
  class space    used 4042K, committed 4224K, reserved 1048576K

Heap Regions: E=young(eden), S=young(survivor), O=old, HS=humongous(starts), HC=humongous(continues), CS=collection set, F=free, TAMS=top-at-mark-start, PB=parsable bottom
|   0|0x0000000702a00000, 0x0000000702c00000, 0x0000000702c00000|100%|HS|  |TAMS 0x0000000702a00000| PB 0x0000000702a00000| Complete 
|   1|0x0000000702c00000, 0x0000000702e00000, 0x0000000702e00000|100%|HC|  |TAMS 0x0000000702c00000| PB 0x0000000702c00000| Complete 
|   2|0x0000000702e00000, 0x0000000703000000, 0x0000000703000000|100%| O|  |TAMS 0x0000000702e00000| PB 0x0000000702e00000| Untracked 
|   3|0x0000000703000000, 0x0000000703200000, 0x0000000703200000|100%|HS|  |TAMS 0x0000000703000000| PB 0x0000000703000000| Complete 
|   4|0x0000000703200000, 0x0000000703250a00, 0x0000000703400000| 15%| O|Cm|TAMS 0x0000000703200000| PB 0x0000000703200000| Complete 
|   5|0x0000000703400000, 0x0000000703600000, 0x0000000703600000|100%|HS|  |TAMS 0x0000000703400000| PB 0x0000000703400000| Complete 
|   6|0x0000000703600000, 0x0000000703800000, 0x0000000703800000|100%|HC|  |TAMS 0x0000000703600000| PB 0x0000000703600000| Complete 
|   7|0x0000000703800000, 0x0000000703a00000, 0x0000000703a00000|100%|HS|  |TAMS 0x0000000703800000| PB 0x0000000703800000| Complete 
|   8|0x0000000703a00000, 0x0000000703a00000, 0x0000000703c00000|  0%| F|  |TAMS 0x0000000703a00000| PB 0x0000000703a00000| Untracked 
|   9|0x0000000703c00000, 0x0000000703e00000, 0x0000000703e00000|100%|HS|  |TAMS 0x0000000703c00000| PB 0x0000000703c00000| Complete 
|  10|0x0000000703e00000, 0x0000000704000000, 0x0000000704000000|100%|HC|  |TAMS 0x0000000703e00000| PB 0x0000000703e00000| Complete 
|  11|0x0000000704000000, 0x0000000704000000, 0x0000000704200000|  0%| F|  |TAMS 0x0000000704000000| PB 0x0000000704000000| Untracked 
|  12|0x0000000704200000, 0x0000000704200000, 0x0000000704400000|  0%| F|  |TAMS 0x0000000704200000| PB 0x0000000704200000| Untracked 
|  13|0x0000000704400000, 0x0000000704400000, 0x0000000704600000|  0%| F|  |TAMS 0x0000000704400000| PB 0x0000000704400000| Untracked 
|  14|0x0000000704600000, 0x0000000704600000, 0x0000000704800000|  0%| F|  |TAMS 0x0000000704600000| PB 0x0000000704600000| Untracked 
|  15|0x0000000704800000, 0x0000000704800000, 0x0000000704a00000|  0%| F|  |TAMS 0x0000000704800000| PB 0x0000000704800000| Untracked 
|  16|0x0000000704a00000, 0x0000000704a00000, 0x0000000704c00000|  0%| F|  |TAMS 0x0000000704a00000| PB 0x0000000704a00000| Untracked 
|  17|0x0000000704c00000, 0x0000000704c00000, 0x0000000704e00000|  0%| F|  |TAMS 0x0000000704c00000| PB 0x0000000704c00000| Untracked 
|  18|0x0000000704e00000, 0x0000000704e00000, 0x0000000705000000|  0%| F|  |TAMS 0x0000000704e00000| PB 0x0000000704e00000| Untracked 
|  19|0x0000000705000000, 0x0000000705000000, 0x0000000705200000|  0%| F|  |TAMS 0x0000000705000000| PB 0x0000000705000000| Untracked 
|  20|0x0000000705200000, 0x0000000705200000, 0x0000000705400000|  0%| F|  |TAMS 0x0000000705200000| PB 0x0000000705200000| Untracked 
|  21|0x0000000705400000, 0x0000000705400000, 0x0000000705600000|  0%| F|  |TAMS 0x0000000705400000| PB 0x0000000705400000| Untracked 
|  22|0x0000000705600000, 0x0000000705600000, 0x0000000705800000|  0%| F|  |TAMS 0x0000000705600000| PB 0x0000000705600000| Untracked 
|  23|0x0000000705800000, 0x0000000705800000, 0x0000000705a00000|  0%| F|  |TAMS 0x0000000705800000| PB 0x0000000705800000| Untracked 
|  24|0x0000000705a00000, 0x0000000705b31280, 0x0000000705c00000| 59%| E|  |TAMS 0x0000000705a00000| PB 0x0000000705a00000| Complete 
|  25|0x0000000705c00000, 0x0000000705e00000, 0x0000000705e00000|100%| E|CS|TAMS 0x0000000705c00000| PB 0x0000000705c00000| Complete 
|  26|0x0000000705e00000, 0x0000000706000000, 0x0000000706000000|100%| E|CS|TAMS 0x0000000705e00000| PB 0x0000000705e00000| Complete 
|  27|0x0000000706000000, 0x0000000706200000, 0x0000000706200000|100%| E|CS|TAMS 0x0000000706000000| PB 0x0000000706000000| Complete 
|  28|0x0000000706200000, 0x0000000706400000, 0x0000000706400000|100%| E|CS|TAMS 0x0000000706200000| PB 0x0000000706200000| Complete 
|  29|0x0000000706400000, 0x0000000706600000, 0x0000000706600000|100%|HS|  |TAMS 0x0000000706400000| PB 0x0000000706400000| Complete 
|  30|0x0000000706600000, 0x0000000706800000, 0x0000000706800000|100%|HC|  |TAMS 0x0000000706600000| PB 0x0000000706600000| Complete 
|  31|0x0000000706800000, 0x0000000706a00000, 0x0000000706a00000|100%| S|CS|TAMS 0x0000000706800000| PB 0x0000000706800000| Complete 
|  32|0x0000000706a00000, 0x0000000706c00000, 0x0000000706c00000|100%| S|CS|TAMS 0x0000000706a00000| PB 0x0000000706a00000| Complete 
|  33|0x0000000706c00000, 0x0000000706e00000, 0x0000000706e00000|100%| S|CS|TAMS 0x0000000706c00000| PB 0x0000000706c00000| Complete 
|  34|0x0000000706e00000, 0x0000000706efaf28, 0x0000000707000000| 49%| S|CS|TAMS 0x0000000706e00000| PB 0x0000000706e00000| Complete 
| 106|0x000000070fe00000, 0x0000000710000000, 0x0000000710000000|100%| E|CS|TAMS 0x000000070fe00000| PB 0x000000070fe00000| Complete 
| 107|0x0000000710000000, 0x0000000710200000, 0x0000000710200000|100%| E|CS|TAMS 0x0000000710000000| PB 0x0000000710000000| Complete 
| 108|0x0000000710200000, 0x0000000710400000, 0x0000000710400000|100%| E|CS|TAMS 0x0000000710200000| PB 0x0000000710200000| Complete 
| 109|0x0000000710400000, 0x0000000710600000, 0x0000000710600000|100%| E|CS|TAMS 0x0000000710400000| PB 0x0000000710400000| Complete 
| 126|0x0000000712600000, 0x0000000712800000, 0x0000000712800000|100%| E|CS|TAMS 0x0000000712600000| PB 0x0000000712600000| Complete 
|2025|0x00000007ffc00000, 0x00000007ffdf7cd0, 0x00000007ffe00000| 98%| O|  |TAMS 0x00000007ffc00000| PB 0x00000007ffc00000| Untracked 
|2026|0x00000007ffe00000, 0x0000000800000000, 0x0000000800000000|100%| O|  |TAMS 0x00000007ffe00000| PB 0x00000007ffe00000| Untracked 

Card table byte_map: [0x000001e0dbee0000,0x000001e0dc6d0000] _byte_map_base: 0x000001e0d86cb000

Marking Bits: (CMBitMap*) 0x000001e0c3fa1360
 Bits: [0x000001e0dc6d0000, 0x000001e0e0628000)

Polling page: 0x000001e0c2100000

Metaspace:

Usage:
  Non-class:     25.54 MB used.
      Class:      3.95 MB used.
       Both:     29.49 MB used.

Virtual space:
  Non-class space:       64.00 MB reserved,      25.81 MB ( 40%) committed,  1 nodes.
      Class space:        1.00 GB reserved,       4.12 MB ( <1%) committed,  1 nodes.
             Both:        1.06 GB reserved,      29.94 MB (  3%) committed. 

Chunk freelists:
   Non-Class:  5.34 MB
       Class:  11.91 MB
        Both:  17.25 MB

MaxMetaspaceSize: unlimited
CompressedClassSpaceSize: 1.00 GB
Initial GC threshold: 21.00 MB
Current GC threshold: 35.12 MB
CDS: on
 - commit_granule_bytes: 65536.
 - commit_granule_words: 8192.
 - virtual_space_node_default_size: 8388608.
 - enlarge_chunks_in_place: 1.
 - use_allocation_guard: 0.


Internal statistics:

num_allocs_failed_limit: 3.
num_arena_births: 544.
num_arena_deaths: 0.
num_vsnodes_births: 2.
num_vsnodes_deaths: 0.
num_space_committed: 479.
num_space_uncommitted: 0.
num_chunks_returned_to_freelist: 3.
num_chunks_taken_from_freelist: 1456.
num_chunk_merges: 3.
num_chunk_splits: 995.
num_chunks_enlarged: 717.
num_inconsistent_stats: 0.

CodeHeap 'non-profiled nmethods': size=120000Kb used=3596Kb max_used=3596Kb free=116404Kb
 bounds [0x000001e0d3e90000, 0x000001e0d4220000, 0x000001e0db3c0000]
CodeHeap 'profiled nmethods': size=120000Kb used=14282Kb max_used=14282Kb free=105717Kb
 bounds [0x000001e0cc3c0000, 0x000001e0cd1c0000, 0x000001e0d38f0000]
CodeHeap 'non-nmethods': size=5760Kb used=1993Kb max_used=2067Kb free=3766Kb
 bounds [0x000001e0d38f0000, 0x000001e0d3b60000, 0x000001e0d3e90000]
 total_blobs=7461 nmethods=6496 adapters=869
 compilation: enabled
              stopped_count=0, restarted_count=0
 full_count=0

Compilation events (20 events):
Event: 54.316 Thread 0x000001e0e3084eb0 nmethod 6486 0x000001e0cd1b0490 code [0x000001e0cd1b0640, 0x000001e0cd1b0848]
Event: 54.321 Thread 0x000001e0e3077c00 nmethod 6487 0x000001e0d4211910 code [0x000001e0d4211ae0, 0x000001e0d4211ec8]
Event: 54.325 Thread 0x000001e0e3084eb0 6488       1       javafx.scene.layout.GridPane::getRowConstraints (5 bytes)
Event: 54.325 Thread 0x000001e0e3084eb0 nmethod 6488 0x000001e0d4212210 code [0x000001e0d42123a0, 0x000001e0d4212470]
Event: 54.325 Thread 0x000001e0e3084eb0 6489       3       javafx.scene.layout.HBox::getAlignmentInternal (17 bytes)
Event: 54.326 Thread 0x000001e0e3084eb0 nmethod 6489 0x000001e0cd1b0910 code [0x000001e0cd1b0ae0, 0x000001e0cd1b0eb0]
Event: 54.326 Thread 0x000001e0e3084eb0 6490       3       javafx.scene.control.skin.LabeledSkinBase::computeMinHeight (13 bytes)
Event: 54.326 Thread 0x000001e0e3084eb0 nmethod 6490 0x000001e0cd1b0f90 code [0x000001e0cd1b1140, 0x000001e0cd1b1278]
Event: 54.326 Thread 0x000001e0e3084eb0 6491       3       javafx.scene.control.Labeled::getAlignment (24 bytes)
Event: 54.326 Thread 0x000001e0e3084eb0 nmethod 6491 0x000001e0cd1b1390 code [0x000001e0cd1b1540, 0x000001e0cd1b1868]
Event: 54.327 Thread 0x000001e0e3084eb0 6492       3       com.sun.javafx.geom.transform.Identity::deriveWithNewTransform (5 bytes)
Event: 54.327 Thread 0x000001e0e3084eb0 nmethod 6492 0x000001e0cd1b1990 code [0x000001e0cd1b1b40, 0x000001e0cd1b1c78]
Event: 54.335 Thread 0x000001e0e3077c00 6493       4       com.sun.javafx.geom.transform.AffineBase::transform3DBounds (653 bytes)
Event: 54.337 Thread 0x000001e0e3077c00 nmethod 6493 0x000001e0d4212510 code [0x000001e0d42126e0, 0x000001e0d4212a90]
Event: 55.686 Thread 0x000001e0e3084eb0 6494       3       javafx.event.ActionEvent::getEventType (5 bytes)
Event: 55.687 Thread 0x000001e0e3084eb0 nmethod 6494 0x000001e0cd1b1d10 code [0x000001e0cd1b1ea0, 0x000001e0cd1b1fc8]
Event: 55.693 Thread 0x000001e0e3084eb0 6495       1       com.microsoft.sqlserver.jdbc.SQLServerStatement::getClassNameLogging (5 bytes)
Event: 55.693 Thread 0x000001e0e3084eb0 nmethod 6495 0x000001e0d4212d10 code [0x000001e0d4212ea0, 0x000001e0d4212f70]
Event: 55.693 Thread 0x000001e0e3084eb0 6496       3       com.microsoft.sqlserver.jdbc.TDSWriter::writeByte (86 bytes)
Event: 55.694 Thread 0x000001e0e3084eb0 nmethod 6496 0x000001e0cd1b2090 code [0x000001e0cd1b22a0, 0x000001e0cd1b28b8]

GC Heap History (8 events):
Event: 0.926 GC heap before
{Heap before GC invocations=0 (full 0):
 garbage-first heap   total 260096K, used 20480K [0x0000000702a00000, 0x0000000800000000)
  region size 2048K, 11 young (22528K), 0 survivors (0K)
 Metaspace       used 5125K, committed 5312K, reserved 1114112K
  class space    used 515K, committed 576K, reserved 1048576K
}
Event: 0.928 GC heap after
{Heap after GC invocations=1 (full 0):
 garbage-first heap   total 260096K, used 2474K [0x0000000702a00000, 0x0000000800000000)
  region size 2048K, 2 young (4096K), 2 survivors (4096K)
 Metaspace       used 5125K, committed 5312K, reserved 1114112K
  class space    used 515K, committed 576K, reserved 1048576K
}
Event: 1.373 GC heap before
{Heap before GC invocations=1 (full 0):
 garbage-first heap   total 260096K, used 43434K [0x0000000702a00000, 0x0000000800000000)
  region size 2048K, 21 young (43008K), 2 survivors (4096K)
 Metaspace       used 13764K, committed 14144K, reserved 1114112K
  class space    used 2004K, committed 2176K, reserved 1048576K
}
Event: 1.378 GC heap after
{Heap after GC invocations=2 (full 0):
 garbage-first heap   total 260096K, used 10332K [0x0000000702a00000, 0x0000000800000000)
  region size 2048K, 3 young (6144K), 3 survivors (6144K)
 Metaspace       used 13764K, committed 14144K, reserved 1114112K
  class space    used 2004K, committed 2176K, reserved 1048576K
}
Event: 18.503 GC heap before
{Heap before GC invocations=2 (full 0):
 garbage-first heap   total 260096K, used 45148K [0x0000000702a00000, 0x0000000800000000)
  region size 2048K, 20 young (40960K), 3 survivors (6144K)
 Metaspace       used 21134K, committed 21504K, reserved 1114112K
  class space    used 2866K, committed 3072K, reserved 1048576K
}
Event: 18.510 GC heap after
{Heap after GC invocations=3 (full 0):
 garbage-first heap   total 260096K, used 16706K [0x0000000702a00000, 0x0000000800000000)
  region size 2048K, 4 young (8192K), 4 survivors (8192K)
 Metaspace       used 21134K, committed 21504K, reserved 1114112K
  class space    used 2866K, committed 3072K, reserved 1048576K
}
Event: 33.138 GC heap before
{Heap before GC invocations=4 (full 0):
 garbage-first heap   total 73728K, used 72002K [0x0000000702a00000, 0x0000000800000000)
  region size 2048K, 23 young (47104K), 4 survivors (8192K)
 Metaspace       used 28795K, committed 29184K, reserved 1114112K
  class space    used 3813K, committed 3968K, reserved 1048576K
}
Event: 33.145 GC heap after
{Heap after GC invocations=5 (full 0):
 garbage-first heap   total 86016K, used 27917K [0x0000000702a00000, 0x0000000800000000)
  region size 2048K, 4 young (8192K), 4 survivors (8192K)
 Metaspace       used 28795K, committed 29184K, reserved 1114112K
  class space    used 3813K, committed 3968K, reserved 1048576K
}

Dll operation events (20 events):
Event: 0.435 Loaded shared library C:\Users\NITRO 5\.openjfx\cache\21+31\amd64\api-ms-win-crt-multibyte-l1-1-0.dll
Event: 0.438 Loaded shared library C:\Users\NITRO 5\.openjfx\cache\21+31\amd64\api-ms-win-crt-private-l1-1-0.dll
Event: 0.440 Loaded shared library C:\Users\NITRO 5\.openjfx\cache\21+31\amd64\api-ms-win-crt-process-l1-1-0.dll
Event: 0.442 Loaded shared library C:\Users\NITRO 5\.openjfx\cache\21+31\amd64\api-ms-win-crt-runtime-l1-1-0.dll
Event: 0.444 Loaded shared library C:\Users\NITRO 5\.openjfx\cache\21+31\amd64\api-ms-win-crt-stdio-l1-1-0.dll
Event: 0.446 Loaded shared library C:\Users\NITRO 5\.openjfx\cache\21+31\amd64\api-ms-win-crt-string-l1-1-0.dll
Event: 0.449 Loaded shared library C:\Users\NITRO 5\.openjfx\cache\21+31\amd64\api-ms-win-crt-time-l1-1-0.dll
Event: 0.451 Loaded shared library C:\Users\NITRO 5\.openjfx\cache\21+31\amd64\api-ms-win-crt-utility-l1-1-0.dll
Event: 0.465 Loaded shared library C:\Users\NITRO 5\.openjfx\cache\21+31\amd64\ucrtbase.dll
Event: 0.469 Loaded shared library C:\Users\NITRO 5\.openjfx\cache\21+31\amd64\vcruntime140.dll
Event: 0.472 Loaded shared library C:\Users\NITRO 5\.openjfx\cache\21+31\amd64\vcruntime140_1.dll
Event: 0.479 Loaded shared library C:\Users\NITRO 5\.openjfx\cache\21+31\amd64\msvcp140.dll
Event: 0.481 Loaded shared library C:\Users\NITRO 5\.openjfx\cache\21+31\amd64\msvcp140_1.dll
Event: 0.485 Loaded shared library C:\Users\NITRO 5\.openjfx\cache\21+31\amd64\msvcp140_2.dll
Event: 0.514 Loaded shared library C:\Users\NITRO 5\.openjfx\cache\21+31\amd64\prism_d3d.dll
Event: 0.675 Loaded shared library C:\Users\NITRO 5\.openjfx\cache\21+31\amd64\glass.dll
Event: 1.064 Loaded shared library C:\Users\NITRO 5\.openjfx\cache\21+31\amd64\javafx_iio.dll
Event: 1.101 Loaded shared library C:\Users\NITRO 5\.openjfx\cache\21+31\amd64\javafx_font.dll
Event: 18.367 Loaded shared library C:\Program Files\Java\jdk-21\bin\verify.dll
Event: 18.536 Loaded shared library C:\Program Files\Java\jdk-21\bin\sunmscapi.dll

Deoptimization events (20 events):
Event: 50.620 Thread 0x000001e0e3c01f10 Uncommon trap: trap_request=0xffffff45 fr.pc=0x000001e0d41b10f4 relative=0x0000000000000994
Event: 50.620 Thread 0x000001e0e3c01f10 Uncommon trap: reason=unstable_if action=reinterpret pc=0x000001e0d41b10f4 method=javafx.scene.Parent.getOrderedChildren()Ljava/util/List; @ 23 c2
Event: 50.620 Thread 0x000001e0e3c01f10 DEOPT PACKING pc=0x000001e0d41b10f4 sp=0x000000da984faf10
Event: 50.620 Thread 0x000001e0e3c01f10 DEOPT UNPACKING pc=0x000001e0d39446a2 sp=0x000000da984fad50 mode 2
Event: 50.620 Thread 0x000001e0e3c01f10 Uncommon trap: trap_request=0xffffff45 fr.pc=0x000001e0d41ac410 relative=0x0000000000000110
Event: 50.620 Thread 0x000001e0e3c01f10 Uncommon trap: reason=unstable_if action=reinterpret pc=0x000001e0d41ac410 method=javafx.scene.Node$MiscProperties.isMouseTransparent()Z @ 4 c2
Event: 50.620 Thread 0x000001e0e3c01f10 DEOPT PACKING pc=0x000001e0d41ac410 sp=0x000000da984fa690
Event: 50.620 Thread 0x000001e0e3c01f10 DEOPT UNPACKING pc=0x000001e0d39446a2 sp=0x000000da984fa530 mode 2
Event: 51.935 Thread 0x000001e0e3de6ea0 Uncommon trap: trap_request=0xffffff45 fr.pc=0x000001e0d4205294 relative=0x00000000000006f4
Event: 51.935 Thread 0x000001e0e3de6ea0 Uncommon trap: reason=unstable_if action=reinterpret pc=0x000001e0d4205294 method=com.sun.javafx.sg.prism.NGNode.markCullRegions(Lcom/sun/javafx/geom/DirtyRegionContainer;ILcom/sun/javafx/geom/transform/BaseTransform;Lcom/sun/javafx/geom/transform/General
Event: 51.935 Thread 0x000001e0e3de6ea0 DEOPT PACKING pc=0x000001e0d4205294 sp=0x000000da986fe810
Event: 51.935 Thread 0x000001e0e3de6ea0 DEOPT UNPACKING pc=0x000001e0d39446a2 sp=0x000000da986fe788 mode 2
Event: 54.311 Thread 0x000001e0e3c01f10 Uncommon trap: trap_request=0xffffff45 fr.pc=0x000001e0d4199498 relative=0x0000000000002bd8
Event: 54.311 Thread 0x000001e0e3c01f10 Uncommon trap: reason=unstable_if action=reinterpret pc=0x000001e0d4199498 method=java.util.zip.InflaterInputStream.read([BII)I @ 74 c2
Event: 54.311 Thread 0x000001e0e3c01f10 DEOPT PACKING pc=0x000001e0d4199498 sp=0x000000da984f9130
Event: 54.311 Thread 0x000001e0e3c01f10 DEOPT UNPACKING pc=0x000001e0d39446a2 sp=0x000000da984f91a0 mode 2
Event: 54.313 Thread 0x000001e0e3c01f10 Uncommon trap: trap_request=0xffffffde fr.pc=0x000001e0d403da60 relative=0x0000000000000ee0
Event: 54.313 Thread 0x000001e0e3c01f10 Uncommon trap: reason=class_check action=maybe_recompile pc=0x000001e0d403da60 method=java.util.concurrent.ConcurrentHashMap.putVal(Ljava/lang/Object;Ljava/lang/Object;Z)Ljava/lang/Object; @ 242 c2
Event: 54.313 Thread 0x000001e0e3c01f10 DEOPT PACKING pc=0x000001e0d403da60 sp=0x000000da984f95a0
Event: 54.313 Thread 0x000001e0e3c01f10 DEOPT UNPACKING pc=0x000001e0d39446a2 sp=0x000000da984f9510 mode 2

Classes loaded (20 events):
Event: 27.368 Loading class jdk/internal/util/regex/Grapheme
Event: 27.368 Loading class jdk/internal/util/regex/Grapheme done
Event: 27.409 Loading class java/lang/FdLibm$Acos
Event: 27.410 Loading class java/lang/FdLibm$Acos done
Event: 28.833 Loading class java/util/BitSet
Event: 28.834 Loading class java/util/BitSet done
Event: 28.854 Loading class java/text/ParseException
Event: 28.854 Loading class java/text/ParseException done
Event: 28.863 Loading class java/time/format/DateTimeParseException
Event: 28.863 Loading class java/time/DateTimeException
Event: 28.863 Loading class java/time/DateTimeException done
Event: 28.863 Loading class java/time/format/DateTimeParseException done
Event: 28.908 Loading class jdk/internal/math/FDBigInteger
Event: 28.908 Loading class jdk/internal/math/FDBigInteger done
Event: 33.656 Loading class java/io/StringReader
Event: 33.656 Loading class java/io/StringReader done
Event: 33.657 Loading class java/io/PushbackReader
Event: 33.657 Loading class java/io/FilterReader
Event: 33.657 Loading class java/io/FilterReader done
Event: 33.657 Loading class java/io/PushbackReader done

Classes unloaded (0 events):
No events

Classes redefined (0 events):
No events

Internal exceptions (20 events):
Event: 18.466 Thread 0x000001e0e3c01f10 Exception <a 'java/lang/NoSuchMethodError'{0x000000071093a960}: 'java.lang.Object java.lang.invoke.DirectMethodHandle$Holder.invokeStaticInit(java.lang.Object, java.lang.Object, int, int, int, int)'> (0x000000071093a960) 
thrown [s\open\src\hotspot\share\interpreter\linkResolver.cpp, line 773]
Event: 18.482 Thread 0x000001e0e3c01f10 Exception <a 'sun/nio/fs/WindowsException'{0x00000007109cf160}> (0x00000007109cf160) 
thrown [s\open\src\hotspot\share\prims\jni.cpp, line 520]
Event: 18.486 Thread 0x000001e0e3c01f10 Exception <a 'sun/nio/fs/WindowsException'{0x00000007109dfe88}> (0x00000007109dfe88) 
thrown [s\open\src\hotspot\share\prims\jni.cpp, line 520]
Event: 18.821 Thread 0x000001e0e3c01f10 Implicit null exception at 0x000001e0d3fd5860 to 0x000001e0d3fd5f8c
Event: 19.600 Thread 0x000001e0e3c01f10 Implicit null exception at 0x000001e0d3fd7ab4 to 0x000001e0d3fd8ac0
Event: 20.363 Thread 0x000001e0e3c01f10 Exception <a 'java/io/FileNotFoundException'{0x0000000705b55048}> (0x0000000705b55048) 
thrown [s\open\src\hotspot\share\prims\jni.cpp, line 520]
Event: 27.294 Thread 0x000001e0e3c01f10 Exception <a 'java/lang/NoSuchMethodError'{0x0000000705512af8}: 'double java.lang.invoke.DirectMethodHandle$Holder.invokeStatic(java.lang.Object, java.lang.Object)'> (0x0000000705512af8) 
thrown [s\open\src\hotspot\share\interpreter\linkResolver.cpp, line 773]
Event: 27.296 Thread 0x000001e0e3c01f10 Exception <a 'java/lang/NoSuchMethodError'{0x000000070551aaa8}: 'void java.lang.invoke.DirectMethodHandle$Holder.invokeStatic(java.lang.Object, java.lang.Object, double)'> (0x000000070551aaa8) 
thrown [s\open\src\hotspot\share\interpreter\linkResolver.cpp, line 773]
Event: 27.304 Thread 0x000001e0e3c01f10 Exception <a 'java/io/FileNotFoundException'{0x00000007055a3c08}> (0x00000007055a3c08) 
thrown [s\open\src\hotspot\share\prims\jni.cpp, line 520]
Event: 27.370 Thread 0x000001e0e3c01f10 Exception <a 'java/lang/NoSuchMethodError'{0x00000007051ad0a0}: 'java.lang.Object java.lang.invoke.DirectMethodHandle$Holder.invokeStatic(java.lang.Object, int, java.lang.Object)'> (0x00000007051ad0a0) 
thrown [s\open\src\hotspot\share\interpreter\linkResolver.cpp, line 773]
Event: 27.380 Thread 0x000001e0e3de6ea0 Exception <a 'java/lang/NoSuchMethodError'{0x0000000705d496f0}: 'java.lang.Object java.lang.invoke.DirectMethodHandle$Holder.invokeStaticInit(java.lang.Object, int)'> (0x0000000705d496f0) 
thrown [s\open\src\hotspot\share\interpreter\linkResolver.cpp, line 773]
Event: 28.873 Thread 0x000001e0e3c01f10 Exception <a 'java/io/FileNotFoundException'{0x00000007048a27d8}> (0x00000007048a27d8) 
thrown [s\open\src\hotspot\share\prims\jni.cpp, line 520]
Event: 33.073 Thread 0x000001e0e3c01f10 Exception <a 'java/lang/NoSuchMethodError'{0x00000007042b7488}: 'java.lang.Object java.lang.invoke.DirectMethodHandle$Holder.newInvokeSpecial(java.lang.Object, java.lang.Object, int, int, int, int, int, java.lang.Object)'> (0x00000007042b7488) 
thrown [s\open\src\hotspot\share\interpreter\linkResolver.cpp, line 773]
Event: 33.074 Thread 0x000001e0e3c01f10 Exception <a 'java/lang/NoSuchMethodError'{0x00000007042c9148}: 'java.lang.Object java.lang.invoke.DirectMethodHandle$Holder.newInvokeSpecial(java.lang.Object, java.lang.Object, java.lang.Object, int, int, int, int, int)'> (0x00000007042c9148) 
thrown [s\open\src\hotspot\share\interpreter\linkResolver.cpp, line 773]
Event: 33.074 Thread 0x000001e0e3c01f10 Exception <a 'java/lang/NoSuchMethodError'{0x00000007042d04a8}: 'java.lang.Object java.lang.invoke.Invokers$Holder.linkToTargetMethod(java.lang.Object, java.lang.Object, int, int, int, int, int, java.lang.Object)'> (0x00000007042d04a8) 
thrown [s\open\src\hotspot\share\interpreter\linkResolver.cpp, line 773]
Event: 33.131 Thread 0x000001e0e3c01f10 Exception <a 'java/io/FileNotFoundException'{0x00000007041715f8}> (0x00000007041715f8) 
thrown [s\open\src\hotspot\share\prims\jni.cpp, line 520]
Event: 33.719 Thread 0x000001e0e3c01f10 Implicit null exception at 0x000001e0d3fbf288 to 0x000001e0d3fbfc80
Event: 34.196 Thread 0x000001e0e3c01f10 Implicit null exception at 0x000001e0d413f180 to 0x000001e0d413fd08
Event: 36.057 Thread 0x000001e0e3c01f10 Exception <a 'java/lang/NoSuchMethodError'{0x000000070630d0a8}: 'java.lang.Object java.lang.invoke.DirectMethodHandle$Holder.newInvokeSpecial(java.lang.Object, java.lang.Object, java.lang.Object, double, double, double, double, int, int, int, int, int, int, int, int, int)'> (0x000000070630d0a8) 
thrown [s\open\src\hotspot\share\interpreter\linkResolver.cpp, line 773]
Event: 50.094 Thread 0x000001e0e3de6ea0 Implicit null exception at 0x000001e0d415aec9 to 0x000001e0d415cc98

ZGC Phase Switch (0 events):
No events

VM Operations (20 events):
Event: 46.778 Executing VM operation: Cleanup done
Event: 47.051 Executing VM operation: HandshakeAllThreads (Deoptimize)
Event: 47.051 Executing VM operation: HandshakeAllThreads (Deoptimize) done
Event: 47.055 Executing VM operation: HandshakeAllThreads (Deoptimize)
Event: 47.055 Executing VM operation: HandshakeAllThreads (Deoptimize) done
Event: 48.055 Executing VM operation: Cleanup
Event: 48.055 Executing VM operation: Cleanup done
Event: 49.056 Executing VM operation: Cleanup
Event: 49.056 Executing VM operation: Cleanup done
Event: 51.057 Executing VM operation: Cleanup
Event: 51.057 Executing VM operation: Cleanup done
Event: 52.057 Executing VM operation: Cleanup
Event: 52.057 Executing VM operation: Cleanup done
Event: 53.058 Executing VM operation: Cleanup
Event: 53.058 Executing VM operation: Cleanup done
Event: 54.058 Executing VM operation: Cleanup
Event: 54.058 Executing VM operation: Cleanup done
Event: 55.059 Executing VM operation: Cleanup
Event: 55.059 Executing VM operation: Cleanup done
Event: 55.716 Executing VM operation: Exit

Events (20 events):
Event: 27.714 Thread 0x000001e0f0a4ff90 Thread exited: 0x000001e0f0a4ff90
Event: 28.846 Thread 0x000001e0f0a2bff0 Thread added: 0x000001e0f0a2bff0
Event: 29.000 Thread 0x000001e0e3ad2240 Thread added: 0x000001e0e3ad2240
Event: 29.806 Thread 0x000001e0e3ad2240 Thread exited: 0x000001e0e3ad2240
Event: 29.936 Thread 0x000001e0f0a2bff0 Thread exited: 0x000001e0f0a2bff0
Event: 33.120 Thread 0x000001e0e3aa5550 Thread added: 0x000001e0e3aa5550
Event: 33.201 Thread 0x000001e0e38c3430 Thread added: 0x000001e0e38c3430
Event: 33.390 Thread 0x000001e0e38c3430 Thread exited: 0x000001e0e38c3430
Event: 33.561 Thread 0x000001e0e3aa5550 Thread exited: 0x000001e0e3aa5550
Event: 33.713 Thread 0x000001e0f0e91130 Thread added: 0x000001e0f0e91130
Event: 33.716 Thread 0x000001e0f13b37b0 Thread added: 0x000001e0f13b37b0
Event: 34.204 Thread 0x000001e0f13b37b0 Thread exited: 0x000001e0f13b37b0
Event: 34.204 Thread 0x000001e0f0e91130 Thread exited: 0x000001e0f0e91130
Event: 41.584 Thread 0x000001e0e9496eb0 Thread added: 0x000001e0e9496eb0
Event: 41.958 Thread 0x000001e0e9496eb0 Thread exited: 0x000001e0e9496eb0
Event: 55.714 Thread 0x000001e0f1018360 Thread added: 0x000001e0f1018360
Event: 55.714 Thread 0x000001e0f1016920 Thread added: 0x000001e0f1016920
Event: 55.715 Thread 0x000001e0f1016920 Thread exited: 0x000001e0f1016920
Event: 55.716 Thread 0x000001e0f1018360 Thread exited: 0x000001e0f1018360
Event: 55.716 Thread 0x000001e0e3073810 Thread exited: 0x000001e0e3073810


Dynamic libraries:
0x00007ff6860c0000 - 0x00007ff6860d0000 	C:\Program Files\Java\jdk-21\bin\java.exe
0x00007ffaafe00000 - 0x00007ffab0067000 	C:\WINDOWS\SYSTEM32\ntdll.dll
0x00007ffaaf430000 - 0x00007ffaaf4f9000 	C:\WINDOWS\System32\KERNEL32.DLL
0x00007ffaad7a0000 - 0x00007ffaadb8f000 	C:\WINDOWS\System32\KERNELBASE.dll
0x00007ffaad0d0000 - 0x00007ffaad21b000 	C:\WINDOWS\System32\ucrtbase.dll
0x00007ffaa79b0000 - 0x00007ffaa79cb000 	C:\Program Files\Java\jdk-21\bin\VCRUNTIME140.dll
0x00007ffaa3350000 - 0x00007ffaa3369000 	C:\Program Files\Java\jdk-21\bin\jli.dll
0x00007ffaafcf0000 - 0x00007ffaafda4000 	C:\WINDOWS\System32\ADVAPI32.dll
0x00007ffaaebf0000 - 0x00007ffaaec99000 	C:\WINDOWS\System32\msvcrt.dll
0x00007ffaaf080000 - 0x00007ffaaf126000 	C:\WINDOWS\System32\sechost.dll
0x00007ffaadba0000 - 0x00007ffaadcb8000 	C:\WINDOWS\System32\RPCRT4.dll
0x00007ffaaf130000 - 0x00007ffaaf2f5000 	C:\WINDOWS\System32\USER32.dll
0x00007ffaad6c0000 - 0x00007ffaad6e7000 	C:\WINDOWS\System32\win32u.dll
0x00007ffaaf400000 - 0x00007ffaaf42b000 	C:\WINDOWS\System32\GDI32.dll
0x00007ffaad420000 - 0x00007ffaad54c000 	C:\WINDOWS\System32\gdi32full.dll
0x00007ffaad6f0000 - 0x00007ffaad793000 	C:\WINDOWS\System32\msvcp_win.dll
0x00007ffa97170000 - 0x00007ffa97403000 	C:\WINDOWS\WinSxS\amd64_microsoft.windows.common-controls_6595b64144ccf1df_6.0.26100.7309_none_3e05feeae336a044\COMCTL32.dll
0x00007ffaa29a0000 - 0x00007ffaa29ab000 	C:\WINDOWS\SYSTEM32\VERSION.dll
0x00007ffaafcb0000 - 0x00007ffaafce1000 	C:\WINDOWS\System32\IMM32.DLL
0x00007ffaa9a30000 - 0x00007ffaa9a3c000 	C:\Program Files\Java\jdk-21\bin\vcruntime140_1.dll
0x00007ffa2e830000 - 0x00007ffa2e8be000 	C:\Program Files\Java\jdk-21\bin\msvcp140.dll
0x00007ff9bc050000 - 0x00007ff9bcd6a000 	C:\Program Files\Java\jdk-21\bin\server\jvm.dll
0x00007ffaaed80000 - 0x00007ffaaedf4000 	C:\WINDOWS\System32\WS2_32.dll
0x00007ffaacdb0000 - 0x00007ffaace0e000 	C:\WINDOWS\SYSTEM32\POWRPROF.dll
0x00007ffa99a00000 - 0x00007ffa99a35000 	C:\WINDOWS\SYSTEM32\WINMM.dll
0x00007ffaacd90000 - 0x00007ffaacda4000 	C:\WINDOWS\SYSTEM32\UMPDC.dll
0x00007ffaabd00000 - 0x00007ffaabd1b000 	C:\WINDOWS\SYSTEM32\kernel.appcore.dll
0x00007ffaa3340000 - 0x00007ffaa334a000 	C:\Program Files\Java\jdk-21\bin\jimage.dll
0x00007ffaaa5f0000 - 0x00007ffaaa832000 	C:\WINDOWS\SYSTEM32\DBGHELP.DLL
0x00007ffaaf560000 - 0x00007ffaaf8e5000 	C:\WINDOWS\System32\combase.dll
0x00007ffaaeca0000 - 0x00007ffaaed76000 	C:\WINDOWS\System32\OLEAUT32.dll
0x00007ffa935d0000 - 0x00007ffa9360c000 	C:\WINDOWS\SYSTEM32\dbgcore.DLL
0x00007ffaad610000 - 0x00007ffaad6b5000 	C:\WINDOWS\System32\bcryptPrimitives.dll
0x00007ffa7e6b0000 - 0x00007ffa7e6cf000 	C:\Program Files\Java\jdk-21\bin\java.dll
0x00007ffaae470000 - 0x00007ffaaebc3000 	C:\WINDOWS\System32\SHELL32.dll
0x00007ffaad2b0000 - 0x00007ffaad41a000 	C:\WINDOWS\System32\wintypes.dll
0x00007ffaaab90000 - 0x00007ffaab3ee000 	C:\WINDOWS\SYSTEM32\windows.storage.dll
0x00007ffaaf300000 - 0x00007ffaaf3f5000 	C:\WINDOWS\System32\SHCORE.dll
0x00007ffaafc30000 - 0x00007ffaafc96000 	C:\WINDOWS\System32\shlwapi.dll
0x00007ffaace70000 - 0x00007ffaace99000 	C:\WINDOWS\SYSTEM32\profapi.dll
0x00007ffa23f20000 - 0x00007ffa23ff7000 	C:\Program Files\Java\jdk-21\bin\jsvml.dll
0x00007ffaa3330000 - 0x00007ffaa3340000 	C:\Program Files\Java\jdk-21\bin\net.dll
0x00007ffa9fcc0000 - 0x00007ffa9fde8000 	C:\WINDOWS\SYSTEM32\WINHTTP.dll
0x00007ffaac270000 - 0x00007ffaac2db000 	C:\WINDOWS\system32\mswsock.dll
0x00007ffa70c70000 - 0x00007ffa70c86000 	C:\Program Files\Java\jdk-21\bin\nio.dll
0x00007ffa70c40000 - 0x00007ffa70c58000 	C:\Program Files\Java\jdk-21\bin\zip.dll
0x000001e0c2140000 - 0x000001e0c2143000 	C:\Users\NITRO 5\.openjfx\cache\21+31\amd64\api-ms-win-core-console-l1-1-0.dll
0x000001e0c3ec0000 - 0x000001e0c3ec3000 	C:\Users\NITRO 5\.openjfx\cache\21+31\amd64\api-ms-win-core-console-l1-2-0.dll
0x000001e0c3ed0000 - 0x000001e0c3ed3000 	C:\Users\NITRO 5\.openjfx\cache\21+31\amd64\api-ms-win-core-datetime-l1-1-0.dll
0x000001e0c3ee0000 - 0x000001e0c3ee3000 	C:\Users\NITRO 5\.openjfx\cache\21+31\amd64\api-ms-win-core-debug-l1-1-0.dll
0x000001e0c3ef0000 - 0x000001e0c3ef3000 	C:\Users\NITRO 5\.openjfx\cache\21+31\amd64\api-ms-win-core-errorhandling-l1-1-0.dll
0x000001e0e3df0000 - 0x000001e0e3df4000 	C:\Users\NITRO 5\.openjfx\cache\21+31\amd64\api-ms-win-core-file-l1-1-0.dll
0x000001e0e3e00000 - 0x000001e0e3e03000 	C:\Users\NITRO 5\.openjfx\cache\21+31\amd64\api-ms-win-core-file-l1-2-0.dll
0x000001e0e3e10000 - 0x000001e0e3e13000 	C:\Users\NITRO 5\.openjfx\cache\21+31\amd64\api-ms-win-core-file-l2-1-0.dll
0x000001e0e3e20000 - 0x000001e0e3e23000 	C:\Users\NITRO 5\.openjfx\cache\21+31\amd64\api-ms-win-core-handle-l1-1-0.dll
0x000001e0e3e30000 - 0x000001e0e3e33000 	C:\Users\NITRO 5\.openjfx\cache\21+31\amd64\api-ms-win-core-heap-l1-1-0.dll
0x000001e0e3e40000 - 0x000001e0e3e43000 	C:\Users\NITRO 5\.openjfx\cache\21+31\amd64\api-ms-win-core-interlocked-l1-1-0.dll
0x000001e0e3e50000 - 0x000001e0e3e53000 	C:\Users\NITRO 5\.openjfx\cache\21+31\amd64\api-ms-win-core-libraryloader-l1-1-0.dll
0x000001e0e3e60000 - 0x000001e0e3e63000 	C:\Users\NITRO 5\.openjfx\cache\21+31\amd64\api-ms-win-core-localization-l1-2-0.dll
0x000001e0e3e70000 - 0x000001e0e3e73000 	C:\Users\NITRO 5\.openjfx\cache\21+31\amd64\api-ms-win-core-memory-l1-1-0.dll
0x000001e0e3e80000 - 0x000001e0e3e83000 	C:\Users\NITRO 5\.openjfx\cache\21+31\amd64\api-ms-win-core-namedpipe-l1-1-0.dll
0x000001e0e3e90000 - 0x000001e0e3e93000 	C:\Users\NITRO 5\.openjfx\cache\21+31\amd64\api-ms-win-core-processenvironment-l1-1-0.dll
0x000001e0e3ea0000 - 0x000001e0e3ea3000 	C:\Users\NITRO 5\.openjfx\cache\21+31\amd64\api-ms-win-core-processthreads-l1-1-0.dll
0x000001e0e3eb0000 - 0x000001e0e3eb3000 	C:\Users\NITRO 5\.openjfx\cache\21+31\amd64\api-ms-win-core-processthreads-l1-1-1.dll
0x000001e0e3ec0000 - 0x000001e0e3ec3000 	C:\Users\NITRO 5\.openjfx\cache\21+31\amd64\api-ms-win-core-profile-l1-1-0.dll
0x000001e0e3ed0000 - 0x000001e0e3ed3000 	C:\Users\NITRO 5\.openjfx\cache\21+31\amd64\api-ms-win-core-rtlsupport-l1-1-0.dll
0x000001e0e3ee0000 - 0x000001e0e3ee3000 	C:\Users\NITRO 5\.openjfx\cache\21+31\amd64\api-ms-win-core-string-l1-1-0.dll
0x000001e0e3ef0000 - 0x000001e0e3ef3000 	C:\Users\NITRO 5\.openjfx\cache\21+31\amd64\api-ms-win-core-synch-l1-1-0.dll
0x000001e0e3f00000 - 0x000001e0e3f03000 	C:\Users\NITRO 5\.openjfx\cache\21+31\amd64\api-ms-win-core-synch-l1-2-0.dll
0x000001e0e3f10000 - 0x000001e0e3f13000 	C:\Users\NITRO 5\.openjfx\cache\21+31\amd64\api-ms-win-core-sysinfo-l1-1-0.dll
0x000001e0e3f20000 - 0x000001e0e3f23000 	C:\Users\NITRO 5\.openjfx\cache\21+31\amd64\api-ms-win-core-timezone-l1-1-0.dll
0x000001e0e3f30000 - 0x000001e0e3f33000 	C:\Users\NITRO 5\.openjfx\cache\21+31\amd64\api-ms-win-core-util-l1-1-0.dll
0x000001e0e3f40000 - 0x000001e0e3f43000 	C:\Users\NITRO 5\.openjfx\cache\21+31\amd64\api-ms-win-crt-conio-l1-1-0.dll
0x000001e0e3f50000 - 0x000001e0e3f54000 	C:\Users\NITRO 5\.openjfx\cache\21+31\amd64\api-ms-win-crt-convert-l1-1-0.dll
0x000001e0e3f60000 - 0x000001e0e3f63000 	C:\Users\NITRO 5\.openjfx\cache\21+31\amd64\api-ms-win-crt-environment-l1-1-0.dll
0x000001e0e3f70000 - 0x000001e0e3f73000 	C:\Users\NITRO 5\.openjfx\cache\21+31\amd64\api-ms-win-crt-filesystem-l1-1-0.dll
0x000001e0e3f80000 - 0x000001e0e3f83000 	C:\Users\NITRO 5\.openjfx\cache\21+31\amd64\api-ms-win-crt-heap-l1-1-0.dll
0x000001e0e3f90000 - 0x000001e0e3f93000 	C:\Users\NITRO 5\.openjfx\cache\21+31\amd64\api-ms-win-crt-locale-l1-1-0.dll
0x000001e0e3fa0000 - 0x000001e0e3fa5000 	C:\Users\NITRO 5\.openjfx\cache\21+31\amd64\api-ms-win-crt-math-l1-1-0.dll
0x000001e0e3fb0000 - 0x000001e0e3fb5000 	C:\Users\NITRO 5\.openjfx\cache\21+31\amd64\api-ms-win-crt-multibyte-l1-1-0.dll
0x000001e0e3fc0000 - 0x000001e0e3fd0000 	C:\Users\NITRO 5\.openjfx\cache\21+31\amd64\api-ms-win-crt-private-l1-1-0.dll
0x000001e0e3fd0000 - 0x000001e0e3fd3000 	C:\Users\NITRO 5\.openjfx\cache\21+31\amd64\api-ms-win-crt-process-l1-1-0.dll
0x000001e0e3fe0000 - 0x000001e0e3fe4000 	C:\Users\NITRO 5\.openjfx\cache\21+31\amd64\api-ms-win-crt-runtime-l1-1-0.dll
0x000001e0e3ff0000 - 0x000001e0e3ff4000 	C:\Users\NITRO 5\.openjfx\cache\21+31\amd64\api-ms-win-crt-stdio-l1-1-0.dll
0x000001e0e8000000 - 0x000001e0e8004000 	C:\Users\NITRO 5\.openjfx\cache\21+31\amd64\api-ms-win-crt-string-l1-1-0.dll
0x000001e0e8010000 - 0x000001e0e8013000 	C:\Users\NITRO 5\.openjfx\cache\21+31\amd64\api-ms-win-crt-time-l1-1-0.dll
0x000001e0e8020000 - 0x000001e0e8023000 	C:\Users\NITRO 5\.openjfx\cache\21+31\amd64\api-ms-win-crt-utility-l1-1-0.dll
0x00007ffa22fb0000 - 0x00007ffa230ac000 	C:\Users\NITRO 5\.openjfx\cache\21+31\amd64\ucrtbase.dll
0x00007ffa70a30000 - 0x00007ffa70a4b000 	C:\Users\NITRO 5\.openjfx\cache\21+31\amd64\vcruntime140.dll
0x00007ffa934c0000 - 0x00007ffa934cc000 	C:\Users\NITRO 5\.openjfx\cache\21+31\amd64\vcruntime140_1.dll
0x00007ffa2e7a0000 - 0x00007ffa2e82e000 	C:\Users\NITRO 5\.openjfx\cache\21+31\amd64\msvcp140.dll
0x00007ffaaf9c0000 - 0x00007ffaafb57000 	C:\WINDOWS\System32\ole32.dll
0x00007ffa92540000 - 0x00007ffa92549000 	C:\Users\NITRO 5\.openjfx\cache\21+31\amd64\msvcp140_1.dll
0x00007ffa6b3c0000 - 0x00007ffa6b3ef000 	C:\Users\NITRO 5\.openjfx\cache\21+31\amd64\msvcp140_2.dll
0x00007ffa6b1e0000 - 0x00007ffa6b20f000 	C:\Users\NITRO 5\.openjfx\cache\21+31\amd64\prism_d3d.dll
0x00007ffa2d610000 - 0x00007ffa2d7c3000 	C:\WINDOWS\system32\d3d9.dll
0x00007ffaaa030000 - 0x00007ffaaa060000 	C:\WINDOWS\SYSTEM32\dwmapi.dll
0x00007ffaa9e60000 - 0x00007ffaa9ea4000 	C:\WINDOWS\SYSTEM32\dxcore.dll
0x00007ffaa9d60000 - 0x00007ffaa9e0b000 	C:\WINDOWS\system32\uxtheme.dll
0x00007ffaacac0000 - 0x00007ffaacb17000 	C:\WINDOWS\SYSTEM32\cfgmgr32.dll
0x00007ffaa67a0000 - 0x00007ffaa6803000 	C:\WINDOWS\SYSTEM32\directxdatabasehelper.dll
0x00007ffaac660000 - 0x00007ffaac673000 	C:\WINDOWS\SYSTEM32\msasn1.dll
0x00007ffa9deb0000 - 0x00007ffa9deeb000 	C:\WINDOWS\SYSTEM32\cryptnet.dll
0x00007ffaacf50000 - 0x00007ffaad0c7000 	C:\WINDOWS\System32\CRYPT32.dll
0x00007ffaac550000 - 0x00007ffaac55c000 	C:\WINDOWS\SYSTEM32\cryptbase.dll
0x00007ffaad220000 - 0x00007ffaad2a0000 	C:\WINDOWS\System32\wintrust.dll
0x00007ffaafbf0000 - 0x00007ffaafc10000 	C:\WINDOWS\System32\imagehlp.dll
0x00007ffaac530000 - 0x00007ffaac54b000 	C:\WINDOWS\SYSTEM32\CRYPTSP.dll
0x00007ffaabc60000 - 0x00007ffaabc9a000 	C:\WINDOWS\system32\rsaenh.dll
0x00007ffaace40000 - 0x00007ffaace6a000 	C:\WINDOWS\SYSTEM32\bcrypt.dll
0x00007ffa518f0000 - 0x00007ffa51932000 	C:\Users\NITRO 5\.openjfx\cache\21+31\amd64\glass.dll
0x00007ffaaee10000 - 0x00007ffaaef00000 	C:\WINDOWS\System32\COMDLG32.dll
0x00007ffaaef10000 - 0x00007ffaaf06e000 	C:\WINDOWS\System32\MSCTF.dll
0x00007ffa5c470000 - 0x00007ffa5c532000 	C:\WINDOWS\System32\DriverStore\FileRepository\nvaci.inf_amd64_7de1e6144f763661\nvldumdx.dll
0x00007ffaac5f0000 - 0x00007ffaac655000 	C:\WINDOWS\SYSTEM32\wldp.dll
0x00007ffa9dd10000 - 0x00007ffa9de8b000 	C:\WINDOWS\SYSTEM32\drvstore.dll
0x00007ffaaca90000 - 0x00007ffaacabd000 	C:\WINDOWS\SYSTEM32\devobj.dll
0x00007ffa58520000 - 0x00007ffa5bfd3000 	C:\WINDOWS\System32\DriverStore\FileRepository\nvaci.inf_amd64_7de1e6144f763661\nvgpucomp64.dll
0x00007ffa6b210000 - 0x00007ffa6b2ed000 	C:\WINDOWS\System32\DriverStore\FileRepository\nvaci.inf_amd64_7de1e6144f763661\NvMemMapStoragex.dll
0x00007ff9932c0000 - 0x00007ff99554d000 	C:\WINDOWS\System32\DriverStore\FileRepository\nvaci.inf_amd64_7de1e6144f763661\nvd3dumx.dll
0x00007ffa61aa0000 - 0x00007ffa61db4000 	C:\WINDOWS\system32\nvspcap64.dll
0x00007ffaabe20000 - 0x00007ffaabe56000 	C:\WINDOWS\SYSTEM32\ntmarta.dll
0x00007ffaac2e0000 - 0x00007ffaac312000 	C:\WINDOWS\SYSTEM32\gpapi.dll
0x00007ffa2a810000 - 0x00007ffa2a9c4000 	C:\WINDOWS\System32\DriverStore\FileRepository\nvaci.inf_amd64_7de1e6144f763661\nvppex.dll
0x00007ff9d69e0000 - 0x00007ff9d6b3d000 	C:\WINDOWS\System32\DriverStore\FileRepository\iigd_dch.inf_amd64_2b7bcff446ea567f\igdumdim64.dll
0x00007ff95ed80000 - 0x00007ff962652000 	C:\WINDOWS\System32\DriverStore\FileRepository\iigd_dch.inf_amd64_2b7bcff446ea567f\igd9dxva64.dll
0x00007ffaadfe0000 - 0x00007ffaae46a000 	C:\WINDOWS\System32\SETUPAPI.dll
0x00007ffaa33f0000 - 0x00007ffaa3595000 	C:\WINDOWS\System32\DriverStore\FileRepository\iigd_dch.inf_amd64_2b7bcff446ea567f\igdgmm64.dll

dbghelp: loaded successfully - version: 4.0.5 - missing functions: none
symbol engine: initialized successfully - sym options: 0x614 - pdb path: .;C:\Program Files\Java\jdk-21\bin;C:\WINDOWS\SYSTEM32;C:\WINDOWS\WinSxS\amd64_microsoft.windows.common-controls_6595b64144ccf1df_6.0.26100.7309_none_3e05feeae336a044;C:\Program Files\Java\jdk-21\bin\server;C:\Users\NITRO 5\.openjfx\cache\21+31\amd64;C:\WINDOWS\System32\DriverStore\FileRepository\nvaci.inf_amd64_7de1e6144f763661;C:\WINDOWS\System32\DriverStore\FileRepository\iigd_dch.inf_amd64_2b7bcff446ea567f;C:\Program Files\Common Files\Microsoft Shared\Ink;C:\Program Files\Bonjour

VM Arguments:
jvm_args: --module-path=C:\Users\NITRO 5\Downloads\GestionAbonnements\GestionAbonnements\target\classes;C:\Users\NITRO 5\.m2\repository\com\microsoft\sqlserver\mssql-jdbc\12.6.0.jre11\mssql-jdbc-12.6.0.jre11.jar;C:\Users\NITRO 5\.m2\repository\com\zaxxer\HikariCP\5.1.0\HikariCP-5.1.0.jar;C:\Users\NITRO 5\.m2\repository\org\openjfx\javafx-base\21\javafx-base-21-win.jar;C:\Users\NITRO 5\.m2\repository\org\openjfx\javafx-controls\21\javafx-controls-21-win.jar;C:\Users\NITRO 5\.m2\repository\org\openjfx\javafx-fxml\21\javafx-fxml-21-win.jar;C:\Users\NITRO 5\.m2\repository\org\openjfx\javafx-graphics\21\javafx-graphics-21-win.jar;C:\Users\NITRO 5\.m2\repository\org\slf4j\slf4j-api\1.7.36\slf4j-api-1.7.36.jar --add-modules=com.emsi.subtracker -Djdk.module.main=com.emsi.subtracker 
java_command: com.emsi.subtracker/com.emsi.subtracker.Main
java_class_path (initial): C:\Users\NITRO 5\.m2\repository\org\openjfx\javafx-base\21\javafx-base-21.jar;C:\Users\NITRO 5\.m2\repository\org\openjfx\javafx-controls\21\javafx-controls-21.jar;C:\Users\NITRO 5\.m2\repository\org\openjfx\javafx-fxml\21\javafx-fxml-21.jar;C:\Users\NITRO 5\.m2\repository\org\openjfx\javafx-graphics\21\javafx-graphics-21.jar
Launcher Type: SUN_STANDARD

[Global flags]
     intx CICompilerCount                          = 4                                         {product} {ergonomic}
     uint ConcGCThreads                            = 2                                         {product} {ergonomic}
     uint G1ConcRefinementThreads                  = 8                                         {product} {ergonomic}
   size_t G1HeapRegionSize                         = 2097152                                   {product} {ergonomic}
    uintx GCDrainStackTargetSize                   = 64                                        {product} {ergonomic}
   size_t InitialHeapSize                          = 266338304                                 {product} {ergonomic}
   size_t MarkStackSize                            = 4194304                                   {product} {ergonomic}
   size_t MaxHeapSize                              = 4250927104                                {product} {ergonomic}
   size_t MaxNewSize                               = 2550136832                                {product} {ergonomic}
   size_t MinHeapDeltaBytes                        = 2097152                                   {product} {ergonomic}
   size_t MinHeapSize                              = 8388608                                   {product} {ergonomic}
    uintx NonNMethodCodeHeapSize                   = 5839372                                {pd product} {ergonomic}
    uintx NonProfiledCodeHeapSize                  = 122909434                              {pd product} {ergonomic}
    uintx ProfiledCodeHeapSize                     = 122909434                              {pd product} {ergonomic}
    uintx ReservedCodeCacheSize                    = 251658240                              {pd product} {ergonomic}
     bool SegmentedCodeCache                       = true                                      {product} {ergonomic}
   size_t SoftMaxHeapSize                          = 4250927104                             {manageable} {ergonomic}
     bool UseCompressedOops                        = true                           {product lp64_product} {ergonomic}
     bool UseG1GC                                  = true                                      {product} {ergonomic}
     bool UseLargePagesIndividualAllocation        = false                                  {pd product} {ergonomic}

Logging:
Log output configuration:
 #0: stdout all=off uptime,level,tags foldmultilines=false
 #1: stderr all=off uptime,level,tags foldmultilines=false

Environment Variables:
JAVA_HOME=C:\Program Files\Java\jdk-21
PATH=C:\Program Files\Common Files\Oracle\Java\javapath;C:\Program Files\dotnet\;C:\app\dbhomeXE\bin;C:\Windows\system32;C:\Windows;C:\Windows\System32\Wbem;C:\Windows\System32\WindowsPowerShell\v1.0\;C:\Windows\System32\OpenSSH\;C:\WINDOWS\system32;C:\WINDOWS;C:\WINDOWS\System32\Wbem;C:\WINDOWS\System32\WindowsPowerShell\v1.0\;C:\WINDOWS\System32\OpenSSH\;C:\Program Files (x86)\NVIDIA Corporation\PhysX\Common;C:\Program Files\Microsoft SQL Server\150\Tools\Binn\;C:\Program Files\Microsoft SQL Server\Client SDK\ODBC\170\Tools\Binn\;C:\Program Files (x86)\Windows Kits\10\Windows Performance Toolkit\;C:\xampp\php;C:\ProgramData\ComposerSetup\bin;C:\Program Files (x86)\Microsoft SQL Server\150\Tools\Binn\;C:\Program Files\Microsoft SQL Server\150\DTS\Binn\;C:\Program Files\Git\cmd;C:\Program Files\NVIDIA Corporation\NVIDIA App\NvDLISR;C:\nvm;C:\nodejs;C:\Program Files\dotnet\;C:\Users\NITRO 5\AppData\Local\Programs\mongosh\mongosh.exe;C:\Program Files\MongoDB\Server\8.2\bin;C:\Program Files\nodejs\;C:\Users\NITRO 5\Downloads\apache-maven-3.9.11-bin\apache-maven-3.9.11\bin;C:\Users\NITRO 5\AppData\Local\Programs\Python\Python313\Scripts\;C:\Users\NITRO 5\AppData\Local\Programs\Python\Python313\;C:\Users\NITRO 5\AppData\Local\Programs\Python\Launcher\;C:\Users\NITRO 5\scoop\shims;C:\Users\NITRO 5\AppData\Local\Microsoft\WindowsApps;C:\Users\NITRO 5\AppData\Local\Programs\Microsoft VS Code\bin;C:\Users\NITRO 5\.dotnet\tools;C:\Users\NITRO 5\AppData\Roaming\Composer\vendor\bin;C:\Java\jdk-21\bin;C:\Program Files\MariaDB 11.4\bin\;C:\nvm;C:\nodejs;C:\Program Files (x86)\Android\android-sdk\platform-tools;C:\Program Files (x86)\Android\android-sdk\emulator;C:\Program Files\MongoDB\Server\8.2\bin;C:\Users\NITRO 5\AppData\Local\Programs\mongosh\;C:\Users\NITRO 5\AppData\Roaming\npm;C:\Users\NITRO 5\AppData\Local\Programs\Antigravity\bin;c:\Users\NITRO 5\.antigravity\extensions\vscjava.vscode-java-debug-0.58.3-universal\bundled\scripts\noConfigScripts
USERNAME=NITRO 5
LANG=en_US.UTF-8
OS=Windows_NT
PROCESSOR_IDENTIFIER=Intel64 Family 6 Model 165 Stepping 2, GenuineIntel
TMP=C:\Users\NITRO5~1\AppData\Local\Temp
TEMP=C:\Users\NITRO5~1\AppData\Local\Temp




Periodic native trim disabled

---------------  S Y S T E M  ---------------

OS:
 Windows 11 , 64 bit Build 26100 (10.0.26100.7309)
OS uptime: 3 days 5:09 hours

CPU: total 8 (initial active 8) (4 cores per cpu, 2 threads per core) family 6 model 165 stepping 2 microcode 0xea, cx8, cmov, fxsr, ht, mmx, 3dnowpref, sse, sse2, sse3, ssse3, sse4.1, sse4.2, popcnt, lzcnt, tsc, tscinvbit, avx, avx2, aes, erms, clmul, bmi1, bmi2, adx, fma, vzeroupper, clflush, clflushopt, rdtscp, f16c, pku
Processor Information for all 8 processors :
  Max Mhz: 2496, Current Mhz: 2496, Mhz Limit: 2496

Memory: 4k page, system-wide physical 16215M (2360M free)
TotalPageFile size 29539M (AvailPageFile size 2796M)
current process WorkingSet (physical memory assigned to process): 254M, peak: 284M
current process commit charge ("private bytes"): 385M, peak: 489M

vm_info: Java HotSpot(TM) 64-Bit Server VM (21.0.6+8-LTS-188) for windows-amd64 JRE (21.0.6+8-LTS-188), built on 2024-12-03T10:50:54Z by "mach5one" with MS VC++ 17.6 (VS2022)

END.
